
  .   ____          _            __ _ _
 /\\ / ___'_ __ _ _(_)_ __  __ _ \ \ \ \
( ( )\___ | '_ | '_| | '_ \/ _` | \ \ \ \
 \\/  ___)| |_)| | | | | || (_| |  ) ) ) )
  '  |____| .__|_| |_|_| |_\__, | / / / /
 =========|_|==============|___/=/_/_/_/
 :: Spring Boot ::                (v3.1.1)

2026-05-19T23:23:46.660+05:30  INFO 18728 --- [           main] b.c.PropertySourceBootstrapConfiguration : Located property source: [BootstrapPropertySource {name='bootstrapProperties-config/application/'}]
2026-05-19T23:23:46.700+05:30  INFO 18728 --- [           main] c.i.i.a.AuthenticationApplication        : No active profile set, falling back to 1 default profile: "default"
2026-05-19T23:23:50.646+05:30  INFO 18728 --- [           main] .s.d.r.c.RepositoryConfigurationDelegate : Bootstrapping Spring Data JPA repositories in DEFAULT mode.
2026-05-19T23:23:51.416+05:30  INFO 18728 --- [           main] .s.d.r.c.RepositoryConfigurationDelegate : Finished Spring Data repository scanning in 745 ms. Found 3 JPA repository interfaces.
2026-05-19T23:23:53.200+05:30  INFO 18728 --- [           main] o.s.cloud.context.scope.GenericScope     : BeanFactory id=0df7b232-9912-3d44-8f18-72ac44ddfbfa
2026-05-19T23:23:54.456+05:30  INFO 18728 --- [           main] trationDelegate$BeanPostProcessorChecker : Bean 'org.springframework.cloud.client.loadbalancer.reactive.LoadBalancerBeanPostProcessorAutoConfiguration' of type [org.springframework.cloud.client.loadbalancer.reactive.LoadBalancerBeanPostProcessorAutoConfiguration] is not eligible for getting processed by all BeanPostProcessors (for example: not eligible for auto-proxying)
2026-05-19T23:23:54.462+05:30  INFO 18728 --- [           main] trationDelegate$BeanPostProcessorChecker : Bean 'org.springframework.cloud.client.loadbalancer.reactive.LoadBalancerBeanPostProcessorAutoConfiguration$ReactorDeferringLoadBalancerFilterConfig' of type [org.springframework.cloud.client.loadbalancer.reactive.LoadBalancerBeanPostProcessorAutoConfiguration$ReactorDeferringLoadBalancerFilterConfig] is not eligible for getting processed by all BeanPostProcessors (for example: not eligible for auto-proxying)
2026-05-19T23:23:54.467+05:30  INFO 18728 --- [           main] trationDelegate$BeanPostProcessorChecker : Bean 'reactorDeferringLoadBalancerExchangeFilterFunction' of type [org.springframework.cloud.client.loadbalancer.reactive.DeferringLoadBalancerExchangeFilterFunction] is not eligible for getting processed by all BeanPostProcessors (for example: not eligible for auto-proxying)
2026-05-19T23:23:55.960+05:30  INFO 18728 --- [           main] o.s.b.w.embedded.tomcat.TomcatWebServer  : Tomcat initialized with port(s): 9001 (http)
2026-05-19T23:23:55.982+05:30  INFO 18728 --- [           main] o.apache.catalina.core.StandardService   : Starting service [Tomcat]
2026-05-19T23:23:55.983+05:30  INFO 18728 --- [           main] o.apache.catalina.core.StandardEngine    : Starting Servlet engine: [Apache Tomcat/10.1.10]
2026-05-19T23:23:56.219+05:30  INFO 18728 --- [           main] o.a.c.c.C.[Tomcat].[localhost].[/]       : Initializing Spring embedded WebApplicationContext
2026-05-19T23:23:56.222+05:30  INFO 18728 --- [           main] w.s.c.ServletWebServerApplicationContext : Root WebApplicationContext: initialization completed in 9496 ms
2026-05-19T23:23:57.899+05:30  INFO 18728 --- [           main] o.hibernate.jpa.internal.util.LogHelper  : HHH000204: Processing PersistenceUnitInfo [name: default]
2026-05-19T23:23:58.044+05:30  INFO 18728 --- [           main] org.hibernate.Version                    : HHH000412: Hibernate ORM core version 6.2.5.Final
2026-05-19T23:23:58.048+05:30  INFO 18728 --- [           main] org.hibernate.cfg.Environment            : HHH000406: Using bytecode reflection optimizer
2026-05-19T23:23:58.288+05:30  INFO 18728 --- [           main] o.h.b.i.BytecodeProviderInitiator        : HHH000021: Bytecode provider name : bytebuddy
2026-05-19T23:23:58.574+05:30  INFO 18728 --- [           main] o.s.o.j.p.SpringPersistenceUnitInfo      : No LoadTimeWeaver setup: ignoring JPA class transformer
2026-05-19T23:23:58.606+05:30  INFO 18728 --- [           main] com.zaxxer.hikari.HikariDataSource       : HikariPool-1 - Starting...
2026-05-19T23:23:59.344+05:30  INFO 18728 --- [           main] com.zaxxer.hikari.pool.HikariPool        : HikariPool-1 - Added connection com.mysql.cj.jdbc.ConnectionImpl@751ae8a4
2026-05-19T23:23:59.348+05:30  INFO 18728 --- [           main] com.zaxxer.hikari.HikariDataSource       : HikariPool-1 - Start completed.
2026-05-19T23:24:00.023+05:30  INFO 18728 --- [           main] o.h.b.i.BytecodeProviderInitiator        : HHH000021: Bytecode provider name : bytebuddy
2026-05-19T23:24:01.972+05:30  INFO 18728 --- [           main] o.h.e.t.j.p.i.JtaPlatformInitiator       : HHH000490: Using JtaPlatform implementation: [org.hibernate.engine.transaction.jta.platform.internal.NoJtaPlatform]
2026-05-19T23:24:02.861+05:30  INFO 18728 --- [           main] j.LocalContainerEntityManagerFactoryBean : Initialized JPA EntityManagerFactory for persistence unit 'default'
2026-05-19T23:24:05.989+05:30  WARN 18728 --- [           main] JpaBaseConfiguration$JpaWebConfiguration : spring.jpa.open-in-view is enabled by default. Therefore, database queries may be performed during view rendering. Explicitly configure spring.jpa.open-in-view to disable this warning
2026-05-19T23:24:07.455+05:30  INFO 18728 --- [           main] o.s.b.a.e.web.EndpointLinksResolver      : Exposing 1 endpoint(s) beneath base path '/actuator'
2026-05-19T23:24:07.532+05:30  INFO 18728 --- [           main] o.s.s.web.DefaultSecurityFilterChain     : Will secure any request with [org.springframework.security.web.session.DisableEncodeUrlFilter@2b6262bc, org.springframework.security.web.context.request.async.WebAsyncManagerIntegrationFilter@5cffec7, org.springframework.security.web.context.SecurityContextHolderFilter@7afb9c93, org.springframework.security.web.header.HeaderWriterFilter@2d2fc130, org.springframework.security.web.authentication.logout.LogoutFilter@63553e9f, org.springframework.security.web.savedrequest.RequestCacheAwareFilter@43a7203e, org.springframework.security.web.servletapi.SecurityContextHolderAwareRequestFilter@a5e8260, org.springframework.security.web.authentication.AnonymousAuthenticationFilter@7e81617a, org.springframework.security.web.session.SessionManagementFilter@25cde5bb, org.springframework.security.web.access.ExceptionTranslationFilter@52909a97, org.springframework.security.web.access.intercept.AuthorizationFilter@79604abe]
2026-05-19T23:24:08.832+05:30  WARN 18728 --- [           main] iguration$LoadBalancerCaffeineWarnLogger : Spring Cloud LoadBalancer is currently working with the default cache. While this cache implementation is useful for development and tests, it's recommended to use Caffeine cache in production.You can switch to using Caffeine cache, by adding it and org.springframework.cache.caffeine.CaffeineCacheManager to the classpath.
2026-05-19T23:24:08.914+05:30  INFO 18728 --- [           main] o.s.b.w.embedded.tomcat.TomcatWebServer  : Tomcat started on port(s): 9001 (http) with context path ''
2026-05-19T23:24:08.916+05:30  INFO 18728 --- [           main] o.s.c.c.s.ConsulServiceRegistry          : Registering service with consul: NewService{id='AuthenticationMS-9001', name='AuthenticationMS', tags=[], address='127.0.0.1', meta={secure=false}, port=9001, enableTagOverride=null, check=null, checks=null}
2026-05-19T23:24:08.955+05:30  INFO 18728 --- [           main] c.i.i.a.AuthenticationApplication        : Started AuthenticationApplication in 25.986 seconds (process running for 28.025)
2026-05-19T23:25:39.301+05:30  INFO 18728 --- [nio-9001-exec-1] o.a.c.c.C.[Tomcat].[localhost].[/]       : Initializing Spring DispatcherServlet 'dispatcherServlet'
2026-05-19T23:25:39.302+05:30  INFO 18728 --- [nio-9001-exec-1] o.s.web.servlet.DispatcherServlet        : Initializing Servlet 'dispatcherServlet'
2026-05-19T23:25:39.306+05:30  INFO 18728 --- [nio-9001-exec-1] o.s.web.servlet.DispatcherServlet        : Completed initialization in 3 ms
reason for circuit trip isBad credentials
reason for circuit trip isBad credentials
called
called
called
called
reason for circuit trip isBad credentials
called
called
called
called
reason for circuit trip isBad credentials
called
called
called
called
called
called
called
called
called
called
called
called
called
called
called
called
called
called
called
called
called
called
called
called
called
called
called
called
called
called
called
called
called
reason for circuit trip isBad credentials
called
called
called
called
called
called
called
called
