
  .   ____          _            __ _ _
 /\\ / ___'_ __ _ _(_)_ __  __ _ \ \ \ \
( ( )\___ | '_ | '_| | '_ \/ _` | \ \ \ \
 \\/  ___)| |_)| | | | | || (_| |  ) ) ) )
  '  |____| .__|_| |_|_| |_\__, | / / / /
 =========|_|==============|___/=/_/_/_/
 :: Spring Boot ::                (v3.1.1)

2026-05-19T23:24:32.303+05:30  INFO 14076 --- [           main] c.i.instagram.follow.FollowApplication   : No active profile set, falling back to 1 default profile: "default"
2026-05-19T23:24:34.493+05:30  INFO 14076 --- [           main] .s.d.r.c.RepositoryConfigurationDelegate : Bootstrapping Spring Data JPA repositories in DEFAULT mode.
2026-05-19T23:24:34.771+05:30  INFO 14076 --- [           main] .s.d.r.c.RepositoryConfigurationDelegate : Finished Spring Data repository scanning in 253 ms. Found 3 JPA repository interfaces.
2026-05-19T23:24:35.522+05:30  INFO 14076 --- [           main] o.s.cloud.context.scope.GenericScope     : BeanFactory id=d9fdbcc8-7f94-312a-acd6-60baae13f76d
2026-05-19T23:24:35.981+05:30  INFO 14076 --- [           main] trationDelegate$BeanPostProcessorChecker : Bean 'org.springframework.cloud.client.loadbalancer.reactive.LoadBalancerBeanPostProcessorAutoConfiguration' of type [org.springframework.cloud.client.loadbalancer.reactive.LoadBalancerBeanPostProcessorAutoConfiguration] is not eligible for getting processed by all BeanPostProcessors (for example: not eligible for auto-proxying)
2026-05-19T23:24:35.984+05:30  INFO 14076 --- [           main] trationDelegate$BeanPostProcessorChecker : Bean 'org.springframework.cloud.client.loadbalancer.reactive.LoadBalancerBeanPostProcessorAutoConfiguration$ReactorDeferringLoadBalancerFilterConfig' of type [org.springframework.cloud.client.loadbalancer.reactive.LoadBalancerBeanPostProcessorAutoConfiguration$ReactorDeferringLoadBalancerFilterConfig] is not eligible for getting processed by all BeanPostProcessors (for example: not eligible for auto-proxying)
2026-05-19T23:24:35.987+05:30  INFO 14076 --- [           main] trationDelegate$BeanPostProcessorChecker : Bean 'reactorDeferringLoadBalancerExchangeFilterFunction' of type [org.springframework.cloud.client.loadbalancer.reactive.DeferringLoadBalancerExchangeFilterFunction] is not eligible for getting processed by all BeanPostProcessors (for example: not eligible for auto-proxying)
2026-05-19T23:24:36.561+05:30  INFO 14076 --- [           main] o.s.b.w.embedded.tomcat.TomcatWebServer  : Tomcat initialized with port(s): 9002 (http)
2026-05-19T23:24:36.581+05:30  INFO 14076 --- [           main] o.apache.catalina.core.StandardService   : Starting service [Tomcat]
2026-05-19T23:24:36.581+05:30  INFO 14076 --- [           main] o.apache.catalina.core.StandardEngine    : Starting Servlet engine: [Apache Tomcat/10.1.10]
2026-05-19T23:24:36.742+05:30  INFO 14076 --- [           main] o.a.c.c.C.[Tomcat].[localhost].[/]       : Initializing Spring embedded WebApplicationContext
2026-05-19T23:24:36.744+05:30  INFO 14076 --- [           main] w.s.c.ServletWebServerApplicationContext : Root WebApplicationContext: initialization completed in 4408 ms
2026-05-19T23:24:37.333+05:30  INFO 14076 --- [           main] o.hibernate.jpa.internal.util.LogHelper  : HHH000204: Processing PersistenceUnitInfo [name: default]
2026-05-19T23:24:37.522+05:30  INFO 14076 --- [           main] org.hibernate.Version                    : HHH000412: Hibernate ORM core version 6.2.5.Final
2026-05-19T23:24:37.532+05:30  INFO 14076 --- [           main] org.hibernate.cfg.Environment            : HHH000406: Using bytecode reflection optimizer
2026-05-19T23:24:37.910+05:30  INFO 14076 --- [           main] o.h.b.i.BytecodeProviderInitiator        : HHH000021: Bytecode provider name : bytebuddy
2026-05-19T23:24:38.478+05:30  INFO 14076 --- [           main] o.s.o.j.p.SpringPersistenceUnitInfo      : No LoadTimeWeaver setup: ignoring JPA class transformer
2026-05-19T23:24:38.517+05:30  INFO 14076 --- [           main] com.zaxxer.hikari.HikariDataSource       : HikariPool-1 - Starting...
2026-05-19T23:24:39.273+05:30  INFO 14076 --- [           main] com.zaxxer.hikari.pool.HikariPool        : HikariPool-1 - Added connection com.mysql.cj.jdbc.ConnectionImpl@6f94fb9d
2026-05-19T23:24:39.277+05:30  INFO 14076 --- [           main] com.zaxxer.hikari.HikariDataSource       : HikariPool-1 - Start completed.
2026-05-19T23:24:39.798+05:30  INFO 14076 --- [           main] o.h.b.i.BytecodeProviderInitiator        : HHH000021: Bytecode provider name : bytebuddy
2026-05-19T23:24:40.559+05:30  INFO 14076 --- [           main] o.h.e.t.j.p.i.JtaPlatformInitiator       : HHH000490: Using JtaPlatform implementation: [org.hibernate.engine.transaction.jta.platform.internal.NoJtaPlatform]
Hibernate: alter table follows modify column created_at  datetime(6) not null
Hibernate: alter table notifications modify column created_at  datetime(6) not null
Hibernate: alter table notifications modify column type  enum ('COMENT','FOLLOW','LIKE','POST') not null
Hibernate: alter table search_history modify column searched_at  datetime(6) not null
2026-05-19T23:24:40.676+05:30  INFO 14076 --- [           main] j.LocalContainerEntityManagerFactoryBean : Initialized JPA EntityManagerFactory for persistence unit 'default'
2026-05-19T23:24:41.805+05:30  WARN 14076 --- [           main] JpaBaseConfiguration$JpaWebConfiguration : spring.jpa.open-in-view is enabled by default. Therefore, database queries may be performed during view rendering. Explicitly configure spring.jpa.open-in-view to disable this warning
2026-05-19T23:24:42.963+05:30  WARN 14076 --- [           main] iguration$LoadBalancerCaffeineWarnLogger : Spring Cloud LoadBalancer is currently working with the default cache. While this cache implementation is useful for development and tests, it's recommended to use Caffeine cache in production.You can switch to using Caffeine cache, by adding it and org.springframework.cache.caffeine.CaffeineCacheManager to the classpath.
2026-05-19T23:24:42.968+05:30  INFO 14076 --- [           main] o.s.b.a.e.web.EndpointLinksResolver      : Exposing 1 endpoint(s) beneath base path '/actuator'
2026-05-19T23:24:43.052+05:30  INFO 14076 --- [           main] o.s.b.w.embedded.tomcat.TomcatWebServer  : Tomcat started on port(s): 9002 (http) with context path ''
2026-05-19T23:24:43.056+05:30  INFO 14076 --- [           main] o.s.c.c.s.ConsulServiceRegistry          : Registering service with consul: NewService{id='FollowMS-9002', name='FollowMS', tags=[], address='127.0.0.1', meta={secure=false}, port=9002, enableTagOverride=null, check=null, checks=null}
2026-05-19T23:24:43.094+05:30  INFO 14076 --- [           main] o.s.m.s.b.SimpleBrokerMessageHandler     : Starting...
2026-05-19T23:24:43.095+05:30  INFO 14076 --- [           main] o.s.m.s.b.SimpleBrokerMessageHandler     : BrokerAvailabilityEvent[available=true, SimpleBrokerMessageHandler [org.springframework.messaging.simp.broker.DefaultSubscriptionRegistry@16cf7fd0]]
2026-05-19T23:24:43.096+05:30  INFO 14076 --- [           main] o.s.m.s.b.SimpleBrokerMessageHandler     : Started.
2026-05-19T23:24:43.110+05:30  INFO 14076 --- [           main] c.i.instagram.follow.FollowApplication   : Started FollowApplication in 12.137 seconds (process running for 12.801)
2026-05-19T23:25:41.610+05:30  INFO 14076 --- [MessageBroker-1] o.s.w.s.c.WebSocketMessageBrokerStats    : WebSocketSession[0 current WS(0)-HttpStream(0)-HttpPoll(0), 0 total, 0 closed abnormally (0 connect failure, 0 send limit, 0 transport error)], stompSubProtocol[processed CONNECT(0)-CONNECTED(0)-DISCONNECT(0)], stompBrokerRelay[null], inboundChannel[pool size = 0, active threads = 0, queued tasks = 0, completed tasks = 0], outboundChannel[pool size = 0, active threads = 0, queued tasks = 0, completed tasks = 0], sockJsScheduler[pool size = 1, active threads = 1, queued tasks = 0, completed tasks = 0]
2026-05-19T23:29:48.224+05:30  INFO 14076 --- [nio-9002-exec-1] o.a.c.c.C.[Tomcat].[localhost].[/]       : Initializing Spring DispatcherServlet 'dispatcherServlet'
2026-05-19T23:29:48.225+05:30  INFO 14076 --- [nio-9002-exec-1] o.s.web.servlet.DispatcherServlet        : Initializing Servlet 'dispatcherServlet'
2026-05-19T23:29:48.232+05:30  INFO 14076 --- [nio-9002-exec-1] o.s.web.servlet.DispatcherServlet        : Completed initialization in 6 ms
Hibernate: select f1_0.id,f1_0.created_at,f1_0.follower_id,f1_0.following_id from follows f1_0 where f1_0.follower_id=?
Hibernate: select f1_0.id,f1_0.created_at,f1_0.follower_id,f1_0.following_id from follows f1_0 where f1_0.follower_id=?
Hibernate: select f1_0.id,f1_0.created_at,f1_0.follower_id,f1_0.following_id from follows f1_0 where f1_0.follower_id=?
Hibernate: select f1_0.id,f1_0.created_at,f1_0.follower_id,f1_0.following_id from follows f1_0 where f1_0.follower_id=?
Hibernate: select f1_0.id,f1_0.created_at,f1_0.follower_id,f1_0.following_id from follows f1_0 where f1_0.follower_id=?
Hibernate: select f1_0.id,f1_0.created_at,f1_0.follower_id,f1_0.following_id from follows f1_0 where f1_0.follower_id=?
Hibernate: select f1_0.id,f1_0.created_at,f1_0.follower_id,f1_0.following_id from follows f1_0 where f1_0.follower_id=?
Hibernate: select f1_0.id,f1_0.created_at,f1_0.follower_id,f1_0.following_id from follows f1_0 where f1_0.follower_id=?
Hibernate: select f1_0.id,f1_0.created_at,f1_0.follower_id,f1_0.following_id from follows f1_0 where f1_0.follower_id=?
Hibernate: select f1_0.id,f1_0.created_at,f1_0.follower_id,f1_0.following_id from follows f1_0 where f1_0.follower_id=?
Hibernate: select f1_0.id,f1_0.created_at,f1_0.follower_id,f1_0.following_id from follows f1_0 where f1_0.follower_id=?
Hibernate: select f1_0.id,f1_0.created_at,f1_0.follower_id,f1_0.following_id from follows f1_0 where f1_0.follower_id=?
Hibernate: select f1_0.id,f1_0.created_at,f1_0.follower_id,f1_0.following_id from follows f1_0 where f1_0.follower_id=?
Hibernate: select f1_0.id,f1_0.created_at,f1_0.follower_id,f1_0.following_id from follows f1_0 where f1_0.follower_id=?
Hibernate: select f1_0.id,f1_0.created_at,f1_0.follower_id,f1_0.following_id from follows f1_0 where f1_0.follower_id=?
Hibernate: select f1_0.id,f1_0.created_at,f1_0.follower_id,f1_0.following_id from follows f1_0 where f1_0.follower_id=?
Hibernate: select f1_0.id,f1_0.created_at,f1_0.follower_id,f1_0.following_id from follows f1_0 where f1_0.follower_id=?
Hibernate: select f1_0.id,f1_0.created_at,f1_0.follower_id,f1_0.following_id from follows f1_0 where f1_0.follower_id=?
Hibernate: select f1_0.id,f1_0.created_at,f1_0.follower_id,f1_0.following_id from follows f1_0 where f1_0.follower_id=?
Hibernate: select f1_0.id,f1_0.created_at,f1_0.follower_id,f1_0.following_id from follows f1_0 where f1_0.follower_id=?
Hibernate: select f1_0.id,f1_0.created_at,f1_0.follower_id,f1_0.following_id from follows f1_0 where f1_0.follower_id=?
Hibernate: select f1_0.id,f1_0.created_at,f1_0.follower_id,f1_0.following_id from follows f1_0 where f1_0.follower_id=?
Hibernate: select f1_0.id,f1_0.created_at,f1_0.follower_id,f1_0.following_id from follows f1_0 where f1_0.follower_id=?
Hibernate: select f1_0.id,f1_0.created_at,f1_0.follower_id,f1_0.following_id from follows f1_0 where f1_0.follower_id=?
Hibernate: select f1_0.id,f1_0.created_at,f1_0.follower_id,f1_0.following_id from follows f1_0 where f1_0.follower_id=?
Hibernate: select f1_0.id,f1_0.created_at,f1_0.follower_id,f1_0.following_id from follows f1_0 where f1_0.follower_id=?
Hibernate: select f1_0.id,f1_0.created_at,f1_0.follower_id,f1_0.following_id from follows f1_0 where f1_0.follower_id=?
Hibernate: select s1_0.id,s1_0.searched_at,s1_0.searched_keyword,s1_0.searched_user_id,s1_0.user_id from search_history s1_0 where s1_0.user_id=? order by s1_0.searched_at desc
2026-05-19T23:39:37.318+05:30 ERROR 14076 --- [nio-9002-exec-9] c.i.instagram.follow.util.LoggingAspect  : Search history not found

com.infy.instagram.follow.exception.FollowException: Search history not found
	at com.infy.instagram.follow.service.SearchHistoryServiceImpl.getSearchHistory(SearchHistoryServiceImpl.java:57) ~[classes!/:0.0.1-SNAPSHOT]
	at java.base/jdk.internal.reflect.DirectMethodHandleAccessor.invoke(DirectMethodHandleAccessor.java:103) ~[na:na]
	at java.base/java.lang.reflect.Method.invoke(Method.java:580) ~[na:na]
	at org.springframework.aop.support.AopUtils.invokeJoinpointUsingReflection(AopUtils.java:343) ~[spring-aop-6.0.10.jar!/:6.0.10]
	at org.springframework.aop.framework.ReflectiveMethodInvocation.invokeJoinpoint(ReflectiveMethodInvocation.java:196) ~[spring-aop-6.0.10.jar!/:6.0.10]
	at org.springframework.aop.framework.ReflectiveMethodInvocation.proceed(ReflectiveMethodInvocation.java:163) ~[spring-aop-6.0.10.jar!/:6.0.10]
	at org.springframework.aop.framework.CglibAopProxy$CglibMethodInvocation.proceed(CglibAopProxy.java:756) ~[spring-aop-6.0.10.jar!/:6.0.10]
	at org.springframework.aop.aspectj.AspectJAfterThrowingAdvice.invoke(AspectJAfterThrowingAdvice.java:64) ~[spring-aop-6.0.10.jar!/:6.0.10]
	at org.springframework.aop.framework.ReflectiveMethodInvocation.proceed(ReflectiveMethodInvocation.java:184) ~[spring-aop-6.0.10.jar!/:6.0.10]
	at org.springframework.aop.framework.CglibAopProxy$CglibMethodInvocation.proceed(CglibAopProxy.java:756) ~[spring-aop-6.0.10.jar!/:6.0.10]
	at org.springframework.transaction.interceptor.TransactionInterceptor$1.proceedWithInvocation(TransactionInterceptor.java:123) ~[spring-tx-6.0.10.jar!/:6.0.10]
	at org.springframework.transaction.interceptor.TransactionAspectSupport.invokeWithinTransaction(TransactionAspectSupport.java:391) ~[spring-tx-6.0.10.jar!/:6.0.10]
	at org.springframework.transaction.interceptor.TransactionInterceptor.invoke(TransactionInterceptor.java:119) ~[spring-tx-6.0.10.jar!/:6.0.10]
	at org.springframework.aop.framework.ReflectiveMethodInvocation.proceed(ReflectiveMethodInvocation.java:184) ~[spring-aop-6.0.10.jar!/:6.0.10]
	at org.springframework.aop.framework.CglibAopProxy$CglibMethodInvocation.proceed(CglibAopProxy.java:756) ~[spring-aop-6.0.10.jar!/:6.0.10]
	at org.springframework.aop.interceptor.ExposeInvocationInterceptor.invoke(ExposeInvocationInterceptor.java:97) ~[spring-aop-6.0.10.jar!/:6.0.10]
	at org.springframework.aop.framework.ReflectiveMethodInvocation.proceed(ReflectiveMethodInvocation.java:184) ~[spring-aop-6.0.10.jar!/:6.0.10]
	at org.springframework.aop.framework.CglibAopProxy$CglibMethodInvocation.proceed(CglibAopProxy.java:756) ~[spring-aop-6.0.10.jar!/:6.0.10]
	at org.springframework.aop.framework.CglibAopProxy$DynamicAdvisedInterceptor.intercept(CglibAopProxy.java:708) ~[spring-aop-6.0.10.jar!/:6.0.10]
	at com.infy.instagram.follow.service.SearchHistoryServiceImpl$$SpringCGLIB$$0.getSearchHistory(<generated>) ~[classes!/:0.0.1-SNAPSHOT]
	at com.infy.instagram.follow.api.SearchHistoryController.getSearchHistory(SearchHistoryController.java:40) ~[classes!/:0.0.1-SNAPSHOT]
	at java.base/jdk.internal.reflect.DirectMethodHandleAccessor.invoke(DirectMethodHandleAccessor.java:103) ~[na:na]
	at java.base/java.lang.reflect.Method.invoke(Method.java:580) ~[na:na]
	at org.springframework.aop.support.AopUtils.invokeJoinpointUsingReflection(AopUtils.java:343) ~[spring-aop-6.0.10.jar!/:6.0.10]
	at org.springframework.aop.framework.ReflectiveMethodInvocation.invokeJoinpoint(ReflectiveMethodInvocation.java:196) ~[spring-aop-6.0.10.jar!/:6.0.10]
	at org.springframework.aop.framework.ReflectiveMethodInvocation.proceed(ReflectiveMethodInvocation.java:163) ~[spring-aop-6.0.10.jar!/:6.0.10]
	at org.springframework.aop.framework.CglibAopProxy$CglibMethodInvocation.proceed(CglibAopProxy.java:756) ~[spring-aop-6.0.10.jar!/:6.0.10]
	at org.springframework.validation.beanvalidation.MethodValidationInterceptor.invoke(MethodValidationInterceptor.java:141) ~[spring-context-6.0.10.jar!/:6.0.10]
	at org.springframework.aop.framework.ReflectiveMethodInvocation.proceed(ReflectiveMethodInvocation.java:184) ~[spring-aop-6.0.10.jar!/:6.0.10]
	at org.springframework.aop.framework.CglibAopProxy$CglibMethodInvocation.proceed(CglibAopProxy.java:756) ~[spring-aop-6.0.10.jar!/:6.0.10]
	at org.springframework.aop.framework.CglibAopProxy$DynamicAdvisedInterceptor.intercept(CglibAopProxy.java:708) ~[spring-aop-6.0.10.jar!/:6.0.10]
	at com.infy.instagram.follow.api.SearchHistoryController$$SpringCGLIB$$0.getSearchHistory(<generated>) ~[classes!/:0.0.1-SNAPSHOT]
	at java.base/jdk.internal.reflect.DirectMethodHandleAccessor.invoke(DirectMethodHandleAccessor.java:103) ~[na:na]
	at java.base/java.lang.reflect.Method.invoke(Method.java:580) ~[na:na]
	at org.springframework.web.method.support.InvocableHandlerMethod.doInvoke(InvocableHandlerMethod.java:207) ~[spring-web-6.0.10.jar!/:6.0.10]
	at org.springframework.web.method.support.InvocableHandlerMethod.invokeForRequest(InvocableHandlerMethod.java:152) ~[spring-web-6.0.10.jar!/:6.0.10]
	at org.springframework.web.servlet.mvc.method.annotation.ServletInvocableHandlerMethod.invokeAndHandle(ServletInvocableHandlerMethod.java:118) ~[spring-webmvc-6.0.10.jar!/:6.0.10]
	at org.springframework.web.servlet.mvc.method.annotation.RequestMappingHandlerAdapter.invokeHandlerMethod(RequestMappingHandlerAdapter.java:884) ~[spring-webmvc-6.0.10.jar!/:6.0.10]
	at org.springframework.web.servlet.mvc.method.annotation.RequestMappingHandlerAdapter.handleInternal(RequestMappingHandlerAdapter.java:797) ~[spring-webmvc-6.0.10.jar!/:6.0.10]
	at org.springframework.web.servlet.mvc.method.AbstractHandlerMethodAdapter.handle(AbstractHandlerMethodAdapter.java:87) ~[spring-webmvc-6.0.10.jar!/:6.0.10]
	at org.springframework.web.servlet.DispatcherServlet.doDispatch(DispatcherServlet.java:1081) ~[spring-webmvc-6.0.10.jar!/:6.0.10]
	at org.springframework.web.servlet.DispatcherServlet.doService(DispatcherServlet.java:974) ~[spring-webmvc-6.0.10.jar!/:6.0.10]
	at org.springframework.web.servlet.FrameworkServlet.processRequest(FrameworkServlet.java:1011) ~[spring-webmvc-6.0.10.jar!/:6.0.10]
	at org.springframework.web.servlet.FrameworkServlet.doGet(FrameworkServlet.java:903) ~[spring-webmvc-6.0.10.jar!/:6.0.10]
	at jakarta.servlet.http.HttpServlet.service(HttpServlet.java:564) ~[tomcat-embed-core-10.1.10.jar!/:na]
	at org.springframework.web.servlet.FrameworkServlet.service(FrameworkServlet.java:885) ~[spring-webmvc-6.0.10.jar!/:6.0.10]
	at jakarta.servlet.http.HttpServlet.service(HttpServlet.java:658) ~[tomcat-embed-core-10.1.10.jar!/:na]
	at org.apache.catalina.core.ApplicationFilterChain.internalDoFilter(ApplicationFilterChain.java:205) ~[tomcat-embed-core-10.1.10.jar!/:na]
	at org.apache.catalina.core.ApplicationFilterChain.doFilter(ApplicationFilterChain.java:149) ~[tomcat-embed-core-10.1.10.jar!/:na]
	at org.apache.tomcat.websocket.server.WsFilter.doFilter(WsFilter.java:51) ~[tomcat-embed-websocket-10.1.10.jar!/:na]
	at org.apache.catalina.core.ApplicationFilterChain.internalDoFilter(ApplicationFilterChain.java:174) ~[tomcat-embed-core-10.1.10.jar!/:na]
	at org.apache.catalina.core.ApplicationFilterChain.doFilter(ApplicationFilterChain.java:149) ~[tomcat-embed-core-10.1.10.jar!/:na]
	at org.springframework.web.filter.RequestContextFilter.doFilterInternal(RequestContextFilter.java:100) ~[spring-web-6.0.10.jar!/:6.0.10]
	at org.springframework.web.filter.OncePerRequestFilter.doFilter(OncePerRequestFilter.java:116) ~[spring-web-6.0.10.jar!/:6.0.10]
	at org.apache.catalina.core.ApplicationFilterChain.internalDoFilter(ApplicationFilterChain.java:174) ~[tomcat-embed-core-10.1.10.jar!/:na]
	at org.apache.catalina.core.ApplicationFilterChain.doFilter(ApplicationFilterChain.java:149) ~[tomcat-embed-core-10.1.10.jar!/:na]
	at org.springframework.web.filter.FormContentFilter.doFilterInternal(FormContentFilter.java:93) ~[spring-web-6.0.10.jar!/:6.0.10]
	at org.springframework.web.filter.OncePerRequestFilter.doFilter(OncePerRequestFilter.java:116) ~[spring-web-6.0.10.jar!/:6.0.10]
	at org.apache.catalina.core.ApplicationFilterChain.internalDoFilter(ApplicationFilterChain.java:174) ~[tomcat-embed-core-10.1.10.jar!/:na]
	at org.apache.catalina.core.ApplicationFilterChain.doFilter(ApplicationFilterChain.java:149) ~[tomcat-embed-core-10.1.10.jar!/:na]
	at org.springframework.web.filter.ServerHttpObservationFilter.doFilterInternal(ServerHttpObservationFilter.java:109) ~[spring-web-6.0.10.jar!/:6.0.10]
	at org.springframework.web.filter.OncePerRequestFilter.doFilter(OncePerRequestFilter.java:116) ~[spring-web-6.0.10.jar!/:6.0.10]
	at org.apache.catalina.core.ApplicationFilterChain.internalDoFilter(ApplicationFilterChain.java:174) ~[tomcat-embed-core-10.1.10.jar!/:na]
	at org.apache.catalina.core.ApplicationFilterChain.doFilter(ApplicationFilterChain.java:149) ~[tomcat-embed-core-10.1.10.jar!/:na]
	at org.springframework.web.filter.CharacterEncodingFilter.doFilterInternal(CharacterEncodingFilter.java:201) ~[spring-web-6.0.10.jar!/:6.0.10]
	at org.springframework.web.filter.OncePerRequestFilter.doFilter(OncePerRequestFilter.java:116) ~[spring-web-6.0.10.jar!/:6.0.10]
	at org.apache.catalina.core.ApplicationFilterChain.internalDoFilter(ApplicationFilterChain.java:174) ~[tomcat-embed-core-10.1.10.jar!/:na]
	at org.apache.catalina.core.ApplicationFilterChain.doFilter(ApplicationFilterChain.java:149) ~[tomcat-embed-core-10.1.10.jar!/:na]
	at org.apache.catalina.core.StandardWrapperValve.invoke(StandardWrapperValve.java:166) ~[tomcat-embed-core-10.1.10.jar!/:na]
	at org.apache.catalina.core.StandardContextValve.invoke(StandardContextValve.java:90) ~[tomcat-embed-core-10.1.10.jar!/:na]
	at org.apache.catalina.authenticator.AuthenticatorBase.invoke(AuthenticatorBase.java:482) ~[tomcat-embed-core-10.1.10.jar!/:na]
	at org.apache.catalina.core.StandardHostValve.invoke(StandardHostValve.java:115) ~[tomcat-embed-core-10.1.10.jar!/:na]
	at org.apache.catalina.valves.ErrorReportValve.invoke(ErrorReportValve.java:93) ~[tomcat-embed-core-10.1.10.jar!/:na]
	at org.apache.catalina.core.StandardEngineValve.invoke(StandardEngineValve.java:74) ~[tomcat-embed-core-10.1.10.jar!/:na]
	at org.apache.catalina.connector.CoyoteAdapter.service(CoyoteAdapter.java:341) ~[tomcat-embed-core-10.1.10.jar!/:na]
	at org.apache.coyote.http11.Http11Processor.service(Http11Processor.java:391) ~[tomcat-embed-core-10.1.10.jar!/:na]
	at org.apache.coyote.AbstractProcessorLight.process(AbstractProcessorLight.java:63) ~[tomcat-embed-core-10.1.10.jar!/:na]
	at org.apache.coyote.AbstractProtocol$ConnectionHandler.process(AbstractProtocol.java:894) ~[tomcat-embed-core-10.1.10.jar!/:na]
	at org.apache.tomcat.util.net.NioEndpoint$SocketProcessor.doRun(NioEndpoint.java:1741) ~[tomcat-embed-core-10.1.10.jar!/:na]
	at org.apache.tomcat.util.net.SocketProcessorBase.run(SocketProcessorBase.java:52) ~[tomcat-embed-core-10.1.10.jar!/:na]
	at org.apache.tomcat.util.threads.ThreadPoolExecutor.runWorker(ThreadPoolExecutor.java:1191) ~[tomcat-embed-core-10.1.10.jar!/:na]
	at org.apache.tomcat.util.threads.ThreadPoolExecutor$Worker.run(ThreadPoolExecutor.java:659) ~[tomcat-embed-core-10.1.10.jar!/:na]
	at org.apache.tomcat.util.threads.TaskThread$WrappingRunnable.run(TaskThread.java:61) ~[tomcat-embed-core-10.1.10.jar!/:na]
	at java.base/java.lang.Thread.run(Thread.java:1583) ~[na:na]

Hibernate: select s1_0.id,s1_0.searched_at,s1_0.searched_keyword,s1_0.searched_user_id,s1_0.user_id from search_history s1_0 where s1_0.user_id=? order by s1_0.searched_at desc
2026-05-19T23:39:37.386+05:30 ERROR 14076 --- [io-9002-exec-10] c.i.instagram.follow.util.LoggingAspect  : Search history not found

com.infy.instagram.follow.exception.FollowException: Search history not found
	at com.infy.instagram.follow.service.SearchHistoryServiceImpl.getSearchHistory(SearchHistoryServiceImpl.java:57) ~[classes!/:0.0.1-SNAPSHOT]
	at java.base/jdk.internal.reflect.DirectMethodHandleAccessor.invoke(DirectMethodHandleAccessor.java:103) ~[na:na]
	at java.base/java.lang.reflect.Method.invoke(Method.java:580) ~[na:na]
	at org.springframework.aop.support.AopUtils.invokeJoinpointUsingReflection(AopUtils.java:343) ~[spring-aop-6.0.10.jar!/:6.0.10]
	at org.springframework.aop.framework.ReflectiveMethodInvocation.invokeJoinpoint(ReflectiveMethodInvocation.java:196) ~[spring-aop-6.0.10.jar!/:6.0.10]
	at org.springframework.aop.framework.ReflectiveMethodInvocation.proceed(ReflectiveMethodInvocation.java:163) ~[spring-aop-6.0.10.jar!/:6.0.10]
	at org.springframework.aop.framework.CglibAopProxy$CglibMethodInvocation.proceed(CglibAopProxy.java:756) ~[spring-aop-6.0.10.jar!/:6.0.10]
	at org.springframework.aop.aspectj.AspectJAfterThrowingAdvice.invoke(AspectJAfterThrowingAdvice.java:64) ~[spring-aop-6.0.10.jar!/:6.0.10]
	at org.springframework.aop.framework.ReflectiveMethodInvocation.proceed(ReflectiveMethodInvocation.java:184) ~[spring-aop-6.0.10.jar!/:6.0.10]
	at org.springframework.aop.framework.CglibAopProxy$CglibMethodInvocation.proceed(CglibAopProxy.java:756) ~[spring-aop-6.0.10.jar!/:6.0.10]
	at org.springframework.transaction.interceptor.TransactionInterceptor$1.proceedWithInvocation(TransactionInterceptor.java:123) ~[spring-tx-6.0.10.jar!/:6.0.10]
	at org.springframework.transaction.interceptor.TransactionAspectSupport.invokeWithinTransaction(TransactionAspectSupport.java:391) ~[spring-tx-6.0.10.jar!/:6.0.10]
	at org.springframework.transaction.interceptor.TransactionInterceptor.invoke(TransactionInterceptor.java:119) ~[spring-tx-6.0.10.jar!/:6.0.10]
	at org.springframework.aop.framework.ReflectiveMethodInvocation.proceed(ReflectiveMethodInvocation.java:184) ~[spring-aop-6.0.10.jar!/:6.0.10]
	at org.springframework.aop.framework.CglibAopProxy$CglibMethodInvocation.proceed(CglibAopProxy.java:756) ~[spring-aop-6.0.10.jar!/:6.0.10]
	at org.springframework.aop.interceptor.ExposeInvocationInterceptor.invoke(ExposeInvocationInterceptor.java:97) ~[spring-aop-6.0.10.jar!/:6.0.10]
	at org.springframework.aop.framework.ReflectiveMethodInvocation.proceed(ReflectiveMethodInvocation.java:184) ~[spring-aop-6.0.10.jar!/:6.0.10]
	at org.springframework.aop.framework.CglibAopProxy$CglibMethodInvocation.proceed(CglibAopProxy.java:756) ~[spring-aop-6.0.10.jar!/:6.0.10]
	at org.springframework.aop.framework.CglibAopProxy$DynamicAdvisedInterceptor.intercept(CglibAopProxy.java:708) ~[spring-aop-6.0.10.jar!/:6.0.10]
	at com.infy.instagram.follow.service.SearchHistoryServiceImpl$$SpringCGLIB$$0.getSearchHistory(<generated>) ~[classes!/:0.0.1-SNAPSHOT]
	at com.infy.instagram.follow.api.SearchHistoryController.getSearchHistory(SearchHistoryController.java:40) ~[classes!/:0.0.1-SNAPSHOT]
	at java.base/jdk.internal.reflect.DirectMethodHandleAccessor.invoke(DirectMethodHandleAccessor.java:103) ~[na:na]
	at java.base/java.lang.reflect.Method.invoke(Method.java:580) ~[na:na]
	at org.springframework.aop.support.AopUtils.invokeJoinpointUsingReflection(AopUtils.java:343) ~[spring-aop-6.0.10.jar!/:6.0.10]
	at org.springframework.aop.framework.ReflectiveMethodInvocation.invokeJoinpoint(ReflectiveMethodInvocation.java:196) ~[spring-aop-6.0.10.jar!/:6.0.10]
	at org.springframework.aop.framework.ReflectiveMethodInvocation.proceed(ReflectiveMethodInvocation.java:163) ~[spring-aop-6.0.10.jar!/:6.0.10]
	at org.springframework.aop.framework.CglibAopProxy$CglibMethodInvocation.proceed(CglibAopProxy.java:756) ~[spring-aop-6.0.10.jar!/:6.0.10]
	at org.springframework.validation.beanvalidation.MethodValidationInterceptor.invoke(MethodValidationInterceptor.java:141) ~[spring-context-6.0.10.jar!/:6.0.10]
	at org.springframework.aop.framework.ReflectiveMethodInvocation.proceed(ReflectiveMethodInvocation.java:184) ~[spring-aop-6.0.10.jar!/:6.0.10]
	at org.springframework.aop.framework.CglibAopProxy$CglibMethodInvocation.proceed(CglibAopProxy.java:756) ~[spring-aop-6.0.10.jar!/:6.0.10]
	at org.springframework.aop.framework.CglibAopProxy$DynamicAdvisedInterceptor.intercept(CglibAopProxy.java:708) ~[spring-aop-6.0.10.jar!/:6.0.10]
	at com.infy.instagram.follow.api.SearchHistoryController$$SpringCGLIB$$0.getSearchHistory(<generated>) ~[classes!/:0.0.1-SNAPSHOT]
	at java.base/jdk.internal.reflect.DirectMethodHandleAccessor.invoke(DirectMethodHandleAccessor.java:103) ~[na:na]
	at java.base/java.lang.reflect.Method.invoke(Method.java:580) ~[na:na]
	at org.springframework.web.method.support.InvocableHandlerMethod.doInvoke(InvocableHandlerMethod.java:207) ~[spring-web-6.0.10.jar!/:6.0.10]
	at org.springframework.web.method.support.InvocableHandlerMethod.invokeForRequest(InvocableHandlerMethod.java:152) ~[spring-web-6.0.10.jar!/:6.0.10]
	at org.springframework.web.servlet.mvc.method.annotation.ServletInvocableHandlerMethod.invokeAndHandle(ServletInvocableHandlerMethod.java:118) ~[spring-webmvc-6.0.10.jar!/:6.0.10]
	at org.springframework.web.servlet.mvc.method.annotation.RequestMappingHandlerAdapter.invokeHandlerMethod(RequestMappingHandlerAdapter.java:884) ~[spring-webmvc-6.0.10.jar!/:6.0.10]
	at org.springframework.web.servlet.mvc.method.annotation.RequestMappingHandlerAdapter.handleInternal(RequestMappingHandlerAdapter.java:797) ~[spring-webmvc-6.0.10.jar!/:6.0.10]
	at org.springframework.web.servlet.mvc.method.AbstractHandlerMethodAdapter.handle(AbstractHandlerMethodAdapter.java:87) ~[spring-webmvc-6.0.10.jar!/:6.0.10]
	at org.springframework.web.servlet.DispatcherServlet.doDispatch(DispatcherServlet.java:1081) ~[spring-webmvc-6.0.10.jar!/:6.0.10]
	at org.springframework.web.servlet.DispatcherServlet.doService(DispatcherServlet.java:974) ~[spring-webmvc-6.0.10.jar!/:6.0.10]
	at org.springframework.web.servlet.FrameworkServlet.processRequest(FrameworkServlet.java:1011) ~[spring-webmvc-6.0.10.jar!/:6.0.10]
	at org.springframework.web.servlet.FrameworkServlet.doGet(FrameworkServlet.java:903) ~[spring-webmvc-6.0.10.jar!/:6.0.10]
	at jakarta.servlet.http.HttpServlet.service(HttpServlet.java:564) ~[tomcat-embed-core-10.1.10.jar!/:na]
	at org.springframework.web.servlet.FrameworkServlet.service(FrameworkServlet.java:885) ~[spring-webmvc-6.0.10.jar!/:6.0.10]
	at jakarta.servlet.http.HttpServlet.service(HttpServlet.java:658) ~[tomcat-embed-core-10.1.10.jar!/:na]
	at org.apache.catalina.core.ApplicationFilterChain.internalDoFilter(ApplicationFilterChain.java:205) ~[tomcat-embed-core-10.1.10.jar!/:na]
	at org.apache.catalina.core.ApplicationFilterChain.doFilter(ApplicationFilterChain.java:149) ~[tomcat-embed-core-10.1.10.jar!/:na]
	at org.apache.tomcat.websocket.server.WsFilter.doFilter(WsFilter.java:51) ~[tomcat-embed-websocket-10.1.10.jar!/:na]
	at org.apache.catalina.core.ApplicationFilterChain.internalDoFilter(ApplicationFilterChain.java:174) ~[tomcat-embed-core-10.1.10.jar!/:na]
	at org.apache.catalina.core.ApplicationFilterChain.doFilter(ApplicationFilterChain.java:149) ~[tomcat-embed-core-10.1.10.jar!/:na]
	at org.springframework.web.filter.RequestContextFilter.doFilterInternal(RequestContextFilter.java:100) ~[spring-web-6.0.10.jar!/:6.0.10]
	at org.springframework.web.filter.OncePerRequestFilter.doFilter(OncePerRequestFilter.java:116) ~[spring-web-6.0.10.jar!/:6.0.10]
	at org.apache.catalina.core.ApplicationFilterChain.internalDoFilter(ApplicationFilterChain.java:174) ~[tomcat-embed-core-10.1.10.jar!/:na]
	at org.apache.catalina.core.ApplicationFilterChain.doFilter(ApplicationFilterChain.java:149) ~[tomcat-embed-core-10.1.10.jar!/:na]
	at org.springframework.web.filter.FormContentFilter.doFilterInternal(FormContentFilter.java:93) ~[spring-web-6.0.10.jar!/:6.0.10]
	at org.springframework.web.filter.OncePerRequestFilter.doFilter(OncePerRequestFilter.java:116) ~[spring-web-6.0.10.jar!/:6.0.10]
	at org.apache.catalina.core.ApplicationFilterChain.internalDoFilter(ApplicationFilterChain.java:174) ~[tomcat-embed-core-10.1.10.jar!/:na]
	at org.apache.catalina.core.ApplicationFilterChain.doFilter(ApplicationFilterChain.java:149) ~[tomcat-embed-core-10.1.10.jar!/:na]
	at org.springframework.web.filter.ServerHttpObservationFilter.doFilterInternal(ServerHttpObservationFilter.java:109) ~[spring-web-6.0.10.jar!/:6.0.10]
	at org.springframework.web.filter.OncePerRequestFilter.doFilter(OncePerRequestFilter.java:116) ~[spring-web-6.0.10.jar!/:6.0.10]
	at org.apache.catalina.core.ApplicationFilterChain.internalDoFilter(ApplicationFilterChain.java:174) ~[tomcat-embed-core-10.1.10.jar!/:na]
	at org.apache.catalina.core.ApplicationFilterChain.doFilter(ApplicationFilterChain.java:149) ~[tomcat-embed-core-10.1.10.jar!/:na]
	at org.springframework.web.filter.CharacterEncodingFilter.doFilterInternal(CharacterEncodingFilter.java:201) ~[spring-web-6.0.10.jar!/:6.0.10]
	at org.springframework.web.filter.OncePerRequestFilter.doFilter(OncePerRequestFilter.java:116) ~[spring-web-6.0.10.jar!/:6.0.10]
	at org.apache.catalina.core.ApplicationFilterChain.internalDoFilter(ApplicationFilterChain.java:174) ~[tomcat-embed-core-10.1.10.jar!/:na]
	at org.apache.catalina.core.ApplicationFilterChain.doFilter(ApplicationFilterChain.java:149) ~[tomcat-embed-core-10.1.10.jar!/:na]
	at org.apache.catalina.core.StandardWrapperValve.invoke(StandardWrapperValve.java:166) ~[tomcat-embed-core-10.1.10.jar!/:na]
	at org.apache.catalina.core.StandardContextValve.invoke(StandardContextValve.java:90) ~[tomcat-embed-core-10.1.10.jar!/:na]
	at org.apache.catalina.authenticator.AuthenticatorBase.invoke(AuthenticatorBase.java:482) ~[tomcat-embed-core-10.1.10.jar!/:na]
	at org.apache.catalina.core.StandardHostValve.invoke(StandardHostValve.java:115) ~[tomcat-embed-core-10.1.10.jar!/:na]
	at org.apache.catalina.valves.ErrorReportValve.invoke(ErrorReportValve.java:93) ~[tomcat-embed-core-10.1.10.jar!/:na]
	at org.apache.catalina.core.StandardEngineValve.invoke(StandardEngineValve.java:74) ~[tomcat-embed-core-10.1.10.jar!/:na]
	at org.apache.catalina.connector.CoyoteAdapter.service(CoyoteAdapter.java:341) ~[tomcat-embed-core-10.1.10.jar!/:na]
	at org.apache.coyote.http11.Http11Processor.service(Http11Processor.java:391) ~[tomcat-embed-core-10.1.10.jar!/:na]
	at org.apache.coyote.AbstractProcessorLight.process(AbstractProcessorLight.java:63) ~[tomcat-embed-core-10.1.10.jar!/:na]
	at org.apache.coyote.AbstractProtocol$ConnectionHandler.process(AbstractProtocol.java:894) ~[tomcat-embed-core-10.1.10.jar!/:na]
	at org.apache.tomcat.util.net.NioEndpoint$SocketProcessor.doRun(NioEndpoint.java:1741) ~[tomcat-embed-core-10.1.10.jar!/:na]
	at org.apache.tomcat.util.net.SocketProcessorBase.run(SocketProcessorBase.java:52) ~[tomcat-embed-core-10.1.10.jar!/:na]
	at org.apache.tomcat.util.threads.ThreadPoolExecutor.runWorker(ThreadPoolExecutor.java:1191) ~[tomcat-embed-core-10.1.10.jar!/:na]
	at org.apache.tomcat.util.threads.ThreadPoolExecutor$Worker.run(ThreadPoolExecutor.java:659) ~[tomcat-embed-core-10.1.10.jar!/:na]
	at org.apache.tomcat.util.threads.TaskThread$WrappingRunnable.run(TaskThread.java:61) ~[tomcat-embed-core-10.1.10.jar!/:na]
	at java.base/java.lang.Thread.run(Thread.java:1583) ~[na:na]

Hibernate: insert into search_history (searched_at,searched_keyword,searched_user_id,user_id) values (?,?,?,?)
Hibernate: select s1_0.id,s1_0.searched_at,s1_0.searched_keyword,s1_0.searched_user_id,s1_0.user_id from search_history s1_0 where s1_0.user_id=? order by s1_0.searched_at desc
Hibernate: select count(f1_0.id) from follows f1_0 where f1_0.following_id=?
Hibernate: select count(f1_0.id) from follows f1_0 where f1_0.follower_id=?
Hibernate: select f1_0.id,f1_0.created_at,f1_0.follower_id,f1_0.following_id from follows f1_0 where f1_0.follower_id=?
Hibernate: select f1_0.id,f1_0.created_at,f1_0.follower_id,f1_0.following_id from follows f1_0 where f1_0.follower_id=?
Hibernate: select f1_0.id,f1_0.created_at,f1_0.follower_id,f1_0.following_id from follows f1_0 where f1_0.follower_id=?
Hibernate: select f1_0.id,f1_0.created_at,f1_0.follower_id,f1_0.following_id from follows f1_0 where f1_0.follower_id=?
Hibernate: select f1_0.id,f1_0.created_at,f1_0.follower_id,f1_0.following_id from follows f1_0 where f1_0.follower_id=?
Hibernate: select f1_0.id,f1_0.created_at,f1_0.follower_id,f1_0.following_id from follows f1_0 where f1_0.follower_id=?
Hibernate: select s1_0.id,s1_0.searched_at,s1_0.searched_keyword,s1_0.searched_user_id,s1_0.user_id from search_history s1_0 where s1_0.user_id=? order by s1_0.searched_at desc
Hibernate: select s1_0.id,s1_0.searched_at,s1_0.searched_keyword,s1_0.searched_user_id,s1_0.user_id from search_history s1_0 where s1_0.user_id=? order by s1_0.searched_at desc
Hibernate: insert into search_history (searched_at,searched_keyword,searched_user_id,user_id) values (?,?,?,?)
Hibernate: select s1_0.id,s1_0.searched_at,s1_0.searched_keyword,s1_0.searched_user_id,s1_0.user_id from search_history s1_0 where s1_0.user_id=? order by s1_0.searched_at desc
Hibernate: insert into search_history (searched_at,searched_keyword,searched_user_id,user_id) values (?,?,?,?)
Hibernate: select count(f1_0.id) from follows f1_0 where f1_0.following_id=?
Hibernate: select count(f1_0.id) from follows f1_0 where f1_0.follower_id=?
Hibernate: select count(f1_0.id) from follows f1_0 where f1_0.following_id=?
Hibernate: select count(f1_0.id) from follows f1_0 where f1_0.follower_id=?
Hibernate: select f1_0.id from follows f1_0 where f1_0.follower_id=? and f1_0.following_id=? limit ?
Hibernate: select f1_0.id from follows f1_0 where f1_0.follower_id=? and f1_0.following_id=? limit ?
Hibernate: select f1_0.id,f1_0.created_at,f1_0.follower_id,f1_0.following_id from follows f1_0 where f1_0.follower_id=?
Hibernate: select f1_0.id,f1_0.created_at,f1_0.follower_id,f1_0.following_id from follows f1_0 where f1_0.follower_id=?
Hibernate: select f1_0.id,f1_0.created_at,f1_0.follower_id,f1_0.following_id from follows f1_0 where f1_0.follower_id=?
Hibernate: select f1_0.id,f1_0.created_at,f1_0.follower_id,f1_0.following_id from follows f1_0 where f1_0.follower_id=?
Hibernate: select f1_0.id,f1_0.created_at,f1_0.follower_id,f1_0.following_id from follows f1_0 where f1_0.follower_id=?
Hibernate: select count(f1_0.id) from follows f1_0 where f1_0.following_id=?
Hibernate: select count(f1_0.id) from follows f1_0 where f1_0.follower_id=?
Hibernate: select f1_0.id,f1_0.created_at,f1_0.follower_id,f1_0.following_id from follows f1_0 where f1_0.follower_id=?
Hibernate: select count(f1_0.id) from follows f1_0 where f1_0.following_id=?
Hibernate: select count(f1_0.id) from follows f1_0 where f1_0.follower_id=?
Hibernate: select count(f1_0.id) from follows f1_0 where f1_0.following_id=?
Hibernate: select count(f1_0.id) from follows f1_0 where f1_0.follower_id=?
Hibernate: select count(f1_0.id) from follows f1_0 where f1_0.following_id=?
Hibernate: select count(f1_0.id) from follows f1_0 where f1_0.follower_id=?
Hibernate: select f1_0.id,f1_0.created_at,f1_0.follower_id,f1_0.following_id from follows f1_0 where f1_0.follower_id=?
Hibernate: select count(f1_0.id) from follows f1_0 where f1_0.following_id=?
Hibernate: select count(f1_0.id) from follows f1_0 where f1_0.follower_id=?
Hibernate: select f1_0.id,f1_0.created_at,f1_0.follower_id,f1_0.following_id from follows f1_0 where f1_0.follower_id=?
Hibernate: select count(f1_0.id) from follows f1_0 where f1_0.following_id=?
Hibernate: select count(f1_0.id) from follows f1_0 where f1_0.follower_id=?
Hibernate: select count(f1_0.id) from follows f1_0 where f1_0.following_id=?
Hibernate: select count(f1_0.id) from follows f1_0 where f1_0.follower_id=?
Hibernate: select count(f1_0.id) from follows f1_0 where f1_0.following_id=?
Hibernate: select count(f1_0.id) from follows f1_0 where f1_0.follower_id=?
Hibernate: select f1_0.id,f1_0.created_at,f1_0.follower_id,f1_0.following_id from follows f1_0 where f1_0.follower_id=?
Hibernate: select count(f1_0.id) from follows f1_0 where f1_0.following_id=?
Hibernate: select count(f1_0.id) from follows f1_0 where f1_0.follower_id=?
Hibernate: select f1_0.id,f1_0.created_at,f1_0.follower_id,f1_0.following_id from follows f1_0 where f1_0.follower_id=?
Hibernate: select count(f1_0.id) from follows f1_0 where f1_0.following_id=?
Hibernate: select count(f1_0.id) from follows f1_0 where f1_0.follower_id=?
Hibernate: select f1_0.id,f1_0.created_at,f1_0.follower_id,f1_0.following_id from follows f1_0 where f1_0.follower_id=?
Hibernate: select count(f1_0.id) from follows f1_0 where f1_0.following_id=?
Hibernate: select count(f1_0.id) from follows f1_0 where f1_0.follower_id=?
Hibernate: select f1_0.id,f1_0.created_at,f1_0.follower_id,f1_0.following_id from follows f1_0 where f1_0.follower_id=?
Hibernate: select count(f1_0.id) from follows f1_0 where f1_0.following_id=?
Hibernate: select count(f1_0.id) from follows f1_0 where f1_0.follower_id=?
Hibernate: select s1_0.id,s1_0.searched_at,s1_0.searched_keyword,s1_0.searched_user_id,s1_0.user_id from search_history s1_0 where s1_0.user_id=? order by s1_0.searched_at desc
Hibernate: select s1_0.id,s1_0.searched_at,s1_0.searched_keyword,s1_0.searched_user_id,s1_0.user_id from search_history s1_0 where s1_0.user_id=? order by s1_0.searched_at desc
Hibernate: select count(f1_0.id) from follows f1_0 where f1_0.following_id=?
Hibernate: select count(f1_0.id) from follows f1_0 where f1_0.follower_id=?
Hibernate: select count(f1_0.id) from follows f1_0 where f1_0.following_id=?
Hibernate: select count(f1_0.id) from follows f1_0 where f1_0.follower_id=?
Hibernate: select f1_0.id from follows f1_0 where f1_0.follower_id=? and f1_0.following_id=? limit ?
Hibernate: select f1_0.id from follows f1_0 where f1_0.follower_id=? and f1_0.following_id=? limit ?
Hibernate: select count(f1_0.id) from follows f1_0 where f1_0.following_id=?
Hibernate: select count(f1_0.id) from follows f1_0 where f1_0.follower_id=?
Hibernate: select count(f1_0.id) from follows f1_0 where f1_0.following_id=?
Hibernate: select count(f1_0.id) from follows f1_0 where f1_0.follower_id=?
Hibernate: select f1_0.id from follows f1_0 where f1_0.follower_id=? and f1_0.following_id=? limit ?
Hibernate: insert into follows (created_at,follower_id,following_id) values (?,?,?)
Hibernate: insert into notifications (created_at,is_read,message,receiver_id,sender_id,type) values (?,?,?,?,?,?)
Hibernate: select f1_0.id,f1_0.created_at,f1_0.follower_id,f1_0.following_id from follows f1_0 where f1_0.follower_id=?
Hibernate: select count(f1_0.id) from follows f1_0 where f1_0.following_id=?
Hibernate: select count(f1_0.id) from follows f1_0 where f1_0.follower_id=?
Hibernate: select count(f1_0.id) from follows f1_0 where f1_0.following_id=?
Hibernate: select count(f1_0.id) from follows f1_0 where f1_0.follower_id=?
Hibernate: select f1_0.id,f1_0.created_at,f1_0.follower_id,f1_0.following_id from follows f1_0 where f1_0.follower_id=?
Hibernate: select count(f1_0.id) from follows f1_0 where f1_0.following_id=?
Hibernate: select count(f1_0.id) from follows f1_0 where f1_0.follower_id=?
Hibernate: select count(f1_0.id) from follows f1_0 where f1_0.following_id=?
Hibernate: select count(f1_0.id) from follows f1_0 where f1_0.follower_id=?
Hibernate: select count(f1_0.id) from follows f1_0 where f1_0.following_id=?
Hibernate: select count(f1_0.id) from follows f1_0 where f1_0.follower_id=?
Hibernate: select count(f1_0.id) from follows f1_0 where f1_0.following_id=?
Hibernate: select count(f1_0.id) from follows f1_0 where f1_0.follower_id=?
Hibernate: select count(f1_0.id) from follows f1_0 where f1_0.following_id=?
Hibernate: select count(f1_0.id) from follows f1_0 where f1_0.follower_id=?
Hibernate: select f1_0.id,f1_0.created_at,f1_0.follower_id,f1_0.following_id from follows f1_0 where f1_0.follower_id=?
Hibernate: select count(f1_0.id) from follows f1_0 where f1_0.following_id=?
Hibernate: select count(f1_0.id) from follows f1_0 where f1_0.follower_id=?
Hibernate: select count(f1_0.id) from follows f1_0 where f1_0.following_id=?
Hibernate: select count(f1_0.id) from follows f1_0 where f1_0.follower_id=?
Hibernate: select f1_0.id,f1_0.created_at,f1_0.follower_id,f1_0.following_id from follows f1_0 where f1_0.follower_id=?
Hibernate: select count(f1_0.id) from follows f1_0 where f1_0.following_id=?
Hibernate: select count(f1_0.id) from follows f1_0 where f1_0.follower_id=?
Hibernate: select count(f1_0.id) from follows f1_0 where f1_0.following_id=?
Hibernate: select count(f1_0.id) from follows f1_0 where f1_0.follower_id=?
Hibernate: select count(f1_0.id) from follows f1_0 where f1_0.following_id=?
Hibernate: select count(f1_0.id) from follows f1_0 where f1_0.follower_id=?
Hibernate: select count(f1_0.id) from follows f1_0 where f1_0.following_id=?
Hibernate: select count(f1_0.id) from follows f1_0 where f1_0.follower_id=?
Hibernate: select f1_0.id,f1_0.created_at,f1_0.follower_id,f1_0.following_id from follows f1_0 where f1_0.follower_id=?
Hibernate: select count(f1_0.id) from follows f1_0 where f1_0.following_id=?
Hibernate: select count(f1_0.id) from follows f1_0 where f1_0.follower_id=?
Hibernate: select count(f1_0.id) from follows f1_0 where f1_0.following_id=?
Hibernate: select count(f1_0.id) from follows f1_0 where f1_0.follower_id=?
Hibernate: select f1_0.id,f1_0.created_at,f1_0.follower_id,f1_0.following_id from follows f1_0 where f1_0.follower_id=?
Hibernate: select count(f1_0.id) from follows f1_0 where f1_0.following_id=?
Hibernate: select count(f1_0.id) from follows f1_0 where f1_0.follower_id=?
Hibernate: select count(f1_0.id) from follows f1_0 where f1_0.following_id=?
Hibernate: select count(f1_0.id) from follows f1_0 where f1_0.follower_id=?
